[debug] [2021-06-22T22:36:47.846Z] ----------------------------------------------------------------------
[debug] [2021-06-22T22:36:47.848Z] Command:       /Users/kgashler/.nvm/versions/node/v14.15.1/bin/node /usr/local/bin/firebase deploy --only functions
[debug] [2021-06-22T22:36:47.848Z] CLI Version:   9.10.0
[debug] [2021-06-22T22:36:47.848Z] Platform:      darwin
[debug] [2021-06-22T22:36:47.849Z] Node Version:  v14.15.1
[debug] [2021-06-22T22:36:47.850Z] Time:          Tue Jun 22 2021 16:36:47 GMT-0600 (Mountain Daylight Time)
[debug] [2021-06-22T22:36:47.850Z] ----------------------------------------------------------------------
[debug] 
[debug] [2021-06-22T22:36:47.858Z] > command requires scopes: ["email","openid","https://www.googleapis.com/auth/cloudplatformprojects.readonly","https://www.googleapis.com/auth/firebase","https://www.googleapis.com/auth/cloud-platform"]
[debug] [2021-06-22T22:36:47.858Z] > authorizing via signed-in user (dev@carbonforest.org)
[debug] [2021-06-22T22:36:47.858Z] [iam] checking project carbon-forest-b3740 for permissions ["cloudfunctions.functions.create","cloudfunctions.functions.delete","cloudfunctions.functions.get","cloudfunctions.functions.list","cloudfunctions.functions.update","cloudfunctions.operations.get","firebase.projects.get"]
[debug] [2021-06-22T22:36:47.860Z] > refreshing access token with scopes: ["email","https://www.googleapis.com/auth/cloud-platform","https://www.googleapis.com/auth/cloudplatformprojects.readonly","https://www.googleapis.com/auth/firebase","openid"]
[debug] [2021-06-22T22:36:47.861Z] >>> HTTP REQUEST POST https://www.googleapis.com/oauth2/v3/token  
 <request body omitted>
[debug] [2021-06-22T22:36:48.197Z] <<< HTTP RESPONSE 200 {"date":"Tue, 22 Jun 2021 22:36:48 GMT","expires":"Mon, 01 Jan 1990 00:00:00 GMT","cache-control":"no-cache, no-store, max-age=0, must-revalidate","pragma":"no-cache","content-type":"application/json; charset=utf-8","vary":"X-Origin, Referer, Origin,Accept-Encoding","server":"scaffolding on HTTPServer2","x-xss-protection":"0","x-frame-options":"SAMEORIGIN","x-content-type-options":"nosniff","alt-svc":"h3=\":443\"; ma=2592000,h3-29=\":443\"; ma=2592000,h3-T051=\":443\"; ma=2592000,h3-Q050=\":443\"; ma=2592000,h3-Q046=\":443\"; ma=2592000,h3-Q043=\":443\"; ma=2592000,quic=\":443\"; ma=2592000; v=\"46,43\"","accept-ranges":"none","transfer-encoding":"chunked"}
[debug] [2021-06-22T22:36:48.254Z] >>> HTTP REQUEST POST https://cloudresourcemanager.googleapis.com/v1/projects/carbon-forest-b3740:testIamPermissions  
 {"permissions":["cloudfunctions.functions.create","cloudfunctions.functions.delete","cloudfunctions.functions.get","cloudfunctions.functions.list","cloudfunctions.functions.update","cloudfunctions.operations.get","firebase.projects.get"]}
[debug] [2021-06-22T22:36:48.515Z] <<< HTTP RESPONSE 200 {"content-type":"application/json; charset=UTF-8","vary":"X-Origin, Referer, Origin,Accept-Encoding","date":"Tue, 22 Jun 2021 22:36:48 GMT","server":"ESF","cache-control":"private","x-xss-protection":"0","x-frame-options":"SAMEORIGIN","x-content-type-options":"nosniff","server-timing":"gfet4t7; dur=43","alt-svc":"h3=\":443\"; ma=2592000,h3-29=\":443\"; ma=2592000,h3-T051=\":443\"; ma=2592000,h3-Q050=\":443\"; ma=2592000,h3-Q046=\":443\"; ma=2592000,h3-Q043=\":443\"; ma=2592000,quic=\":443\"; ma=2592000; v=\"46,43\"","accept-ranges":"none","transfer-encoding":"chunked"}
[debug] [2021-06-22T22:36:48.516Z] >>> HTTP REQUEST POST https://iam.googleapis.com/v1/projects/carbon-forest-b3740/serviceAccounts/carbon-forest-b3740@appspot.gserviceaccount.com:testIamPermissions  
 {"permissions":["iam.serviceAccounts.actAs"]}
[debug] [2021-06-22T22:36:49.065Z] <<< HTTP RESPONSE 200 {"content-type":"application/json; charset=UTF-8","vary":"X-Origin, Referer, Origin,Accept-Encoding","date":"Tue, 22 Jun 2021 22:36:49 GMT","server":"ESF","cache-control":"private","x-xss-protection":"0","x-frame-options":"SAMEORIGIN","x-content-type-options":"nosniff","alt-svc":"h3=\":443\"; ma=2592000,h3-29=\":443\"; ma=2592000,h3-T051=\":443\"; ma=2592000,h3-Q050=\":443\"; ma=2592000,h3-Q046=\":443\"; ma=2592000,h3-Q043=\":443\"; ma=2592000,quic=\":443\"; ma=2592000; v=\"46,43\"","accept-ranges":"none","transfer-encoding":"chunked"}
[warn] ⚠  functions: package.json indicates an outdated version of firebase-functions.
Please upgrade using npm install --save firebase-functions@latest in your functions directory. 
[info] 
[info] === Deploying to 'carbon-forest-b3740'...
[info] 
[info] i  deploying functions 
[info] i  functions: ensuring required API cloudfunctions.googleapis.com is enabled... 
[info] i  functions: ensuring required API cloudbuild.googleapis.com is enabled... 
[debug] [2021-06-22T22:36:51.407Z] >>> HTTP REQUEST GET https://serviceusage.googleapis.com/v1/projects/carbon-forest-b3740/services/cloudfunctions.googleapis.com  
 
[debug] [2021-06-22T22:36:51.408Z] >>> HTTP REQUEST GET https://serviceusage.googleapis.com/v1/projects/carbon-forest-b3740/services/runtimeconfig.googleapis.com  
 
[debug] [2021-06-22T22:36:51.408Z] >>> HTTP REQUEST GET https://serviceusage.googleapis.com/v1/projects/carbon-forest-b3740/services/cloudbuild.googleapis.com  
 
[debug] [2021-06-22T22:36:52.355Z] <<< HTTP RESPONSE 200 {"content-type":"application/json; charset=UTF-8","vary":"X-Origin, Referer, Origin,Accept-Encoding","date":"Tue, 22 Jun 2021 22:36:52 GMT","server":"ESF","cache-control":"private","x-xss-protection":"0","x-frame-options":"SAMEORIGIN","x-content-type-options":"nosniff","alt-svc":"h3=\":443\"; ma=2592000,h3-29=\":443\"; ma=2592000,h3-T051=\":443\"; ma=2592000,h3-Q050=\":443\"; ma=2592000,h3-Q046=\":443\"; ma=2592000,h3-Q043=\":443\"; ma=2592000,quic=\":443\"; ma=2592000; v=\"46,43\"","accept-ranges":"none","transfer-encoding":"chunked"}
[debug] [2021-06-22T22:36:52.507Z] <<< HTTP RESPONSE 200 {"content-type":"application/json; charset=UTF-8","vary":"X-Origin, Referer, Origin,Accept-Encoding","date":"Tue, 22 Jun 2021 22:36:52 GMT","server":"ESF","cache-control":"private","x-xss-protection":"0","x-frame-options":"SAMEORIGIN","x-content-type-options":"nosniff","alt-svc":"h3=\":443\"; ma=2592000,h3-29=\":443\"; ma=2592000,h3-T051=\":443\"; ma=2592000,h3-Q050=\":443\"; ma=2592000,h3-Q046=\":443\"; ma=2592000,h3-Q043=\":443\"; ma=2592000,quic=\":443\"; ma=2592000; v=\"46,43\"","accept-ranges":"none","transfer-encoding":"chunked"}
[info] ✔  functions: required API cloudbuild.googleapis.com is enabled 
[debug] [2021-06-22T22:36:52.688Z] <<< HTTP RESPONSE 200 {"content-type":"application/json; charset=UTF-8","vary":"X-Origin, Referer, Origin,Accept-Encoding","date":"Tue, 22 Jun 2021 22:36:52 GMT","server":"ESF","cache-control":"private","x-xss-protection":"0","x-frame-options":"SAMEORIGIN","x-content-type-options":"nosniff","alt-svc":"h3=\":443\"; ma=2592000,h3-29=\":443\"; ma=2592000,h3-T051=\":443\"; ma=2592000,h3-Q050=\":443\"; ma=2592000,h3-Q046=\":443\"; ma=2592000,h3-Q043=\":443\"; ma=2592000,quic=\":443\"; ma=2592000; v=\"46,43\"","accept-ranges":"none","transfer-encoding":"chunked"}
[info] ✔  functions: required API cloudfunctions.googleapis.com is enabled 
[debug] [2021-06-22T22:36:52.689Z] >>> HTTP REQUEST GET https://firebase.googleapis.com/v1beta1/projects/carbon-forest-b3740/adminSdkConfig  
 
[debug] [2021-06-22T22:36:53.071Z] <<< HTTP RESPONSE 200 {"content-type":"application/json; charset=UTF-8","vary":"X-Origin, Referer, Origin,Accept-Encoding","date":"Tue, 22 Jun 2021 22:36:53 GMT","server":"ESF","cache-control":"private","x-xss-protection":"0","x-frame-options":"SAMEORIGIN","x-content-type-options":"nosniff","alt-svc":"h3=\":443\"; ma=2592000,h3-29=\":443\"; ma=2592000,h3-T051=\":443\"; ma=2592000,h3-Q050=\":443\"; ma=2592000,h3-Q046=\":443\"; ma=2592000,h3-Q043=\":443\"; ma=2592000,quic=\":443\"; ma=2592000; v=\"46,43\"","accept-ranges":"none","transfer-encoding":"chunked"}
[info] i  functions: preparing functions directory for uploading... 
[debug] [2021-06-22T22:36:53.072Z] >>> HTTP REQUEST GET https://runtimeconfig.googleapis.com/v1beta1/projects/carbon-forest-b3740/configs  
 
[debug] [2021-06-22T22:36:53.420Z] <<< HTTP RESPONSE 200 {"content-type":"application/json; charset=UTF-8","vary":"X-Origin, Referer, Origin,Accept-Encoding","date":"Tue, 22 Jun 2021 22:36:53 GMT","server":"ESF","cache-control":"private","x-xss-protection":"0","x-frame-options":"SAMEORIGIN","x-content-type-options":"nosniff","alt-svc":"h3=\":443\"; ma=2592000,h3-29=\":443\"; ma=2592000,h3-T051=\":443\"; ma=2592000,h3-Q050=\":443\"; ma=2592000,h3-Q046=\":443\"; ma=2592000,h3-Q043=\":443\"; ma=2592000,quic=\":443\"; ma=2592000; v=\"46,43\"","accept-ranges":"none","transfer-encoding":"chunked"}
[debug] [2021-06-22T22:36:53.420Z] >>> HTTP REQUEST GET https://runtimeconfig.googleapis.com/v1beta1/projects/carbon-forest-b3740/configs/shopify/variables  
 
[debug] [2021-06-22T22:36:53.771Z] <<< HTTP RESPONSE 200 {"content-type":"application/json; charset=UTF-8","vary":"X-Origin, Referer, Origin,Accept-Encoding","date":"Tue, 22 Jun 2021 22:36:53 GMT","server":"ESF","cache-control":"private","x-xss-protection":"0","x-frame-options":"SAMEORIGIN","x-content-type-options":"nosniff","alt-svc":"h3=\":443\"; ma=2592000,h3-29=\":443\"; ma=2592000,h3-T051=\":443\"; ma=2592000,h3-Q050=\":443\"; ma=2592000,h3-Q046=\":443\"; ma=2592000,h3-Q043=\":443\"; ma=2592000,quic=\":443\"; ma=2592000; v=\"46,43\"","accept-ranges":"none","transfer-encoding":"chunked"}
[debug] [2021-06-22T22:36:53.772Z] >>> HTTP REQUEST GET https://runtimeconfig.googleapis.com/v1beta1/projects/carbon-forest-b3740/configs/shopify/variables/password  
 
[debug] [2021-06-22T22:36:53.772Z] >>> HTTP REQUEST GET https://runtimeconfig.googleapis.com/v1beta1/projects/carbon-forest-b3740/configs/shopify/variables/key  
 
[debug] [2021-06-22T22:36:54.122Z] <<< HTTP RESPONSE 200 {"content-type":"application/json; charset=UTF-8","vary":"X-Origin, Referer, Origin,Accept-Encoding","date":"Tue, 22 Jun 2021 22:36:54 GMT","server":"ESF","cache-control":"private","x-xss-protection":"0","x-frame-options":"SAMEORIGIN","x-content-type-options":"nosniff","alt-svc":"h3=\":443\"; ma=2592000,h3-29=\":443\"; ma=2592000,h3-T051=\":443\"; ma=2592000,h3-Q050=\":443\"; ma=2592000,h3-Q046=\":443\"; ma=2592000,h3-Q043=\":443\"; ma=2592000,quic=\":443\"; ma=2592000; v=\"46,43\"","accept-ranges":"none","transfer-encoding":"chunked"}
[debug] [2021-06-22T22:36:54.133Z] <<< HTTP RESPONSE 200 {"content-type":"application/json; charset=UTF-8","vary":"X-Origin, Referer, Origin,Accept-Encoding","date":"Tue, 22 Jun 2021 22:36:54 GMT","server":"ESF","cache-control":"private","x-xss-protection":"0","x-frame-options":"SAMEORIGIN","x-content-type-options":"nosniff","alt-svc":"h3=\":443\"; ma=2592000,h3-29=\":443\"; ma=2592000,h3-T051=\":443\"; ma=2592000,h3-Q050=\":443\"; ma=2592000,h3-Q046=\":443\"; ma=2592000,h3-Q043=\":443\"; ma=2592000,quic=\":443\"; ma=2592000; v=\"46,43\"","accept-ranges":"none","transfer-encoding":"chunked"}
[info] i  functions: packaged functions (43.09 KB) for uploading 
[info] i  scheduler: ensuring required API cloudscheduler.googleapis.com is enabled... 
[info] i  pubsub: ensuring required API pubsub.googleapis.com is enabled... 
[debug] [2021-06-22T22:36:54.287Z] >>> HTTP REQUEST GET https://serviceusage.googleapis.com/v1/projects/carbon-forest-b3740/services/cloudscheduler.googleapis.com  
 
[debug] [2021-06-22T22:36:54.287Z] >>> HTTP REQUEST GET https://serviceusage.googleapis.com/v1/projects/carbon-forest-b3740/services/pubsub.googleapis.com  
 
[debug] [2021-06-22T22:36:54.854Z] <<< HTTP RESPONSE 200 {"content-type":"application/json; charset=UTF-8","vary":"X-Origin, Referer, Origin,Accept-Encoding","date":"Tue, 22 Jun 2021 22:36:55 GMT","server":"ESF","cache-control":"private","x-xss-protection":"0","x-frame-options":"SAMEORIGIN","x-content-type-options":"nosniff","alt-svc":"h3=\":443\"; ma=2592000,h3-29=\":443\"; ma=2592000,h3-T051=\":443\"; ma=2592000,h3-Q050=\":443\"; ma=2592000,h3-Q046=\":443\"; ma=2592000,h3-Q043=\":443\"; ma=2592000,quic=\":443\"; ma=2592000; v=\"46,43\"","accept-ranges":"none","transfer-encoding":"chunked"}
[info] ✔  scheduler: required API cloudscheduler.googleapis.com is enabled 
[debug] [2021-06-22T22:36:54.969Z] <<< HTTP RESPONSE 200 {"content-type":"application/json; charset=UTF-8","vary":"X-Origin, Referer, Origin,Accept-Encoding","date":"Tue, 22 Jun 2021 22:36:55 GMT","server":"ESF","cache-control":"private","x-xss-protection":"0","x-frame-options":"SAMEORIGIN","x-content-type-options":"nosniff","alt-svc":"h3=\":443\"; ma=2592000,h3-29=\":443\"; ma=2592000,h3-T051=\":443\"; ma=2592000,h3-Q050=\":443\"; ma=2592000,h3-Q046=\":443\"; ma=2592000,h3-Q043=\":443\"; ma=2592000,quic=\":443\"; ma=2592000; v=\"46,43\"","accept-ranges":"none","transfer-encoding":"chunked"}
[info] ✔  pubsub: required API pubsub.googleapis.com is enabled 
[debug] [2021-06-22T22:36:54.971Z] > [functions] package.json contents: {
  "name": "functions",
  "description": "Cloud Functions for Firebase",
  "scripts": {
    "serve": "firebase emulators:start --only functions",
    "shell": "firebase functions:shell",
    "start": "npm run shell",
    "deploy": "firebase deploy --only functions",
    "logs": "firebase functions:log"
  },
  "engines": {
    "node": "12"
  },
  "main": "index.js",
  "dependencies": {
    "cors": "^2.8.5",
    "firebase-admin": "^9.2.0",
    "firebase-functions": "^3.13.2",
    "node-fetch": "^2.6.1"
  },
  "devDependencies": {
    "firebase-functions-test": "^0.2.0"
  },
  "private": true
}
[debug] [2021-06-22T22:36:54.971Z] >>> HTTP REQUEST GET https://cloudfunctions.googleapis.com/v1/projects/carbon-forest-b3740/locations/-/functions  
 
[debug] [2021-06-22T22:36:55.615Z] <<< HTTP RESPONSE 200 {"content-type":"application/json; charset=UTF-8","vary":"X-Origin, Referer, Origin,Accept-Encoding","date":"Tue, 22 Jun 2021 22:36:55 GMT","server":"ESF","cache-control":"private","x-xss-protection":"0","x-frame-options":"SAMEORIGIN","x-content-type-options":"nosniff","alt-svc":"h3=\":443\"; ma=2592000,h3-29=\":443\"; ma=2592000,h3-T051=\":443\"; ma=2592000,h3-Q050=\":443\"; ma=2592000,h3-Q046=\":443\"; ma=2592000,h3-Q043=\":443\"; ma=2592000,quic=\":443\"; ma=2592000; v=\"46,43\"","accept-ranges":"none","transfer-encoding":"chunked"}
[debug] [2021-06-22T22:36:55.617Z] >>> HTTP REQUEST POST https://cloudfunctions.googleapis.com/v1/projects/carbon-forest-b3740/locations/us-central1/functions:generateUploadUrl  
 
[debug] [2021-06-22T22:36:56.292Z] <<< HTTP RESPONSE 200 {"content-type":"application/json; charset=UTF-8","vary":"X-Origin, Referer, Origin,Accept-Encoding","date":"Tue, 22 Jun 2021 22:36:56 GMT","server":"ESF","cache-control":"private","x-xss-protection":"0","x-frame-options":"SAMEORIGIN","x-content-type-options":"nosniff","alt-svc":"h3=\":443\"; ma=2592000,h3-29=\":443\"; ma=2592000,h3-T051=\":443\"; ma=2592000,h3-Q050=\":443\"; ma=2592000,h3-Q046=\":443\"; ma=2592000,h3-Q043=\":443\"; ma=2592000,quic=\":443\"; ma=2592000; v=\"46,43\"","accept-ranges":"none","transfer-encoding":"chunked"}
[debug] [2021-06-22T22:36:56.293Z] >>> HTTP REQUEST PUT https://storage.googleapis.com/gcf-upload-us-central1-be4403c1-afae-4b72-bbab-7f8e7e25564a/a9d9f7c3-2743-4222-9e64-da490976c0e9.zip?GoogleAccessId=service-186306113236@gcf-admin-robot.iam.gserviceaccount.com&Expires=1624403216&Signature=toGS%2BuXI6q78qRvN0DUBKBv5kB9o9vuuO65itInK7Gzcv5vSOE1ecl4DWfXTme7cDvZbSDQGFqk2YLjVbXDLaF7qTsWlYPK5nsrWyRbWEJqGIW4U9uVrjy%2BNM%2BHPcdxSANGGAOyikPf7LliUntYUjJd7dzs1zoXNbt5XmAP6CUpMxl1jnV6KK3ayxLF1%2BiD6ZvPiugc%2FpxXlWGJsKyy6YuKijng2uV6LDpXnO1BO4J7Kkc48%2FHa%2FY2KOO4yGYngE8AHTESY57lyvfbkUK%2Boe5Y5Itxy0fKM7B2XKZxbI2BPotPdAxPPF8RqQIDBTjAws0oidrBV7x9KyXj7DKZTQEA%3D%3D  
 <request body omitted>
[debug] [2021-06-22T22:36:56.810Z] <<< HTTP RESPONSE 200 {"x-guploader-uploadid":"ABg5-Uwg_bF_GonA0OD8LHWLWSj4OZlFhe0A5IAujnjZm0YHQQbVJY4fG5Y8F3ZuS9PhtYH1-zCb1ZY_4wY-61UH0vs","etag":"\"5010a6b89add1d08ce0e525adc98c0a7\"","x-goog-generation":"1624401417026961","x-goog-metageneration":"1","x-goog-hash":"crc32c=plqoRg==, md5=UBCmuJrdHQjODlJa3JjApw==","x-goog-stored-content-length":"44125","x-goog-stored-content-encoding":"identity","vary":"Origin","content-length":"0","date":"Tue, 22 Jun 2021 22:36:57 GMT","server":"UploadServer","content-type":"text/html; charset=UTF-8","alt-svc":"h3=\":443\"; ma=2592000,h3-29=\":443\"; ma=2592000,h3-T051=\":443\"; ma=2592000,h3-Q050=\":443\"; ma=2592000,h3-Q046=\":443\"; ma=2592000,h3-Q043=\":443\"; ma=2592000"}
[info] ✔  functions: functions folder uploaded successfully 
[info] i  functions: updating Node.js 12 function getShopData(us-central1)... 
[debug] [2021-06-22T22:36:56.814Z] >>> HTTP REQUEST PATCH https://cloudfunctions.googleapis.com/v1/projects/carbon-forest-b3740/locations/us-central1/functions/getShopData {"updateMask":"sourceUploadUrl,name,labels,runtime,environmentVariables,httpsTrigger"} 
 {"sourceUploadUrl":"https://storage.googleapis.com/gcf-upload-us-central1-be4403c1-afae-4b72-bbab-7f8e7e25564a/a9d9f7c3-2743-4222-9e64-da490976c0e9.zip?GoogleAccessId=service-186306113236@gcf-admin-robot.iam.gserviceaccount.com&Expires=1624403216&Signature=toGS%2BuXI6q78qRvN0DUBKBv5kB9o9vuuO65itInK7Gzcv5vSOE1ecl4DWfXTme7cDvZbSDQGFqk2YLjVbXDLaF7qTsWlYPK5nsrWyRbWEJqGIW4U9uVrjy%2BNM%2BHPcdxSANGGAOyikPf7LliUntYUjJd7dzs1zoXNbt5XmAP6CUpMxl1jnV6KK3ayxLF1%2BiD6ZvPiugc%2FpxXlWGJsKyy6YuKijng2uV6LDpXnO1BO4J7Kkc48%2FHa%2FY2KOO4yGYngE8AHTESY57lyvfbkUK%2Boe5Y5Itxy0fKM7B2XKZxbI2BPotPdAxPPF8RqQIDBTjAws0oidrBV7x9KyXj7DKZTQEA%3D%3D","name":"projects/carbon-forest-b3740/locations/us-central1/functions/getShopData","labels":{"deployment-tool":"cli-firebase"},"httpsTrigger":{},"runtime":"nodejs12","environmentVariables":{"FIREBASE_CONFIG":"{\"projectId\":\"carbon-forest-b3740\",\"storageBucket\":\"carbon-forest-b3740.appspot.com\",\"locationId\":\"us-central\"}"}}
[debug] [2021-06-22T22:36:56.815Z] >>> HTTP REQUEST GET https://cloudscheduler.googleapis.com/v1beta1/projects/carbon-forest-b3740/locations/us-central1/jobs/firebase-schedule-updateTreeCount-us-central1  
 
[debug] [2021-06-22T22:36:57.118Z] <<< HTTP RESPONSE 200 {"content-type":"application/json; charset=UTF-8","vary":"X-Origin, Referer, Origin,Accept-Encoding","date":"Tue, 22 Jun 2021 22:36:57 GMT","server":"ESF","cache-control":"private","x-xss-protection":"0","x-frame-options":"SAMEORIGIN","x-content-type-options":"nosniff","alt-svc":"h3=\":443\"; ma=2592000,h3-29=\":443\"; ma=2592000,h3-T051=\":443\"; ma=2592000,h3-Q050=\":443\"; ma=2592000,h3-Q046=\":443\"; ma=2592000,h3-Q043=\":443\"; ma=2592000,quic=\":443\"; ma=2592000; v=\"46,43\"","accept-ranges":"none","transfer-encoding":"chunked"}
[info] i  functions: scheduler job firebase-schedule-updateTreeCount-us-central1 is up to date, no changes required 
[info] ✔  functions[updateTreeCount(us-central1)]: Successful upsert schedule operation.  
[debug] [2021-06-22T22:36:57.345Z] <<< HTTP RESPONSE 200 {"content-type":"application/json; charset=UTF-8","vary":"X-Origin, Referer, Origin,Accept-Encoding","date":"Tue, 22 Jun 2021 22:36:57 GMT","server":"ESF","cache-control":"private","x-xss-protection":"0","x-frame-options":"SAMEORIGIN","x-content-type-options":"nosniff","alt-svc":"h3=\":443\"; ma=2592000,h3-29=\":443\"; ma=2592000,h3-T051=\":443\"; ma=2592000,h3-Q050=\":443\"; ma=2592000,h3-Q046=\":443\"; ma=2592000,h3-Q043=\":443\"; ma=2592000,quic=\":443\"; ma=2592000; v=\"46,43\"","accept-ranges":"none","transfer-encoding":"chunked"}
[debug] [2021-06-22T22:36:57.347Z] > refreshing access token with scopes: []
[debug] [2021-06-22T22:36:57.347Z] >>> HTTP REQUEST POST https://www.googleapis.com/oauth2/v3/token  
 <request body omitted>
[debug] [2021-06-22T22:36:57.723Z] <<< HTTP RESPONSE 200 {"date":"Tue, 22 Jun 2021 22:36:57 GMT","pragma":"no-cache","expires":"Mon, 01 Jan 1990 00:00:00 GMT","cache-control":"no-cache, no-store, max-age=0, must-revalidate","content-type":"application/json; charset=utf-8","vary":"X-Origin, Referer, Origin,Accept-Encoding","server":"scaffolding on HTTPServer2","x-xss-protection":"0","x-frame-options":"SAMEORIGIN","x-content-type-options":"nosniff","alt-svc":"h3=\":443\"; ma=2592000,h3-29=\":443\"; ma=2592000,h3-T051=\":443\"; ma=2592000,h3-Q050=\":443\"; ma=2592000,h3-Q046=\":443\"; ma=2592000,h3-Q043=\":443\"; ma=2592000,quic=\":443\"; ma=2592000; v=\"46,43\"","accept-ranges":"none","transfer-encoding":"chunked"}
[debug] [2021-06-22T22:36:57.780Z] >>> [apiv2][query] GET https://cloudfunctions.googleapis.com/v1/operations/Y2FyYm9uLWZvcmVzdC1iMzc0MC91cy1jZW50cmFsMS9nZXRTaG9wRGF0YS9lM2VLeWVaUlBySQ [none]
[debug] [2021-06-22T22:36:58.174Z] <<< [apiv2][status] GET https://cloudfunctions.googleapis.com/v1/operations/Y2FyYm9uLWZvcmVzdC1iMzc0MC91cy1jZW50cmFsMS9nZXRTaG9wRGF0YS9lM2VLeWVaUlBySQ 200
[debug] [2021-06-22T22:36:58.174Z] <<< [apiv2][body] GET https://cloudfunctions.googleapis.com/v1/operations/Y2FyYm9uLWZvcmVzdC1iMzc0MC91cy1jZW50cmFsMS9nZXRTaG9wRGF0YS9lM2VLeWVaUlBySQ {"name":"operations/Y2FyYm9uLWZvcmVzdC1iMzc0MC91cy1jZW50cmFsMS9nZXRTaG9wRGF0YS9lM2VLeWVaUlBySQ","metadata":{"@type":"type.googleapis.com/google.cloud.functions.v1.OperationMetadataV1","target":"projects/carbon-forest-b3740/locations/us-central1/functions/getShopData","type":"UPDATE_FUNCTION","request":{"@type":"type.googleapis.com/google.cloud.functions.v1.CloudFunction","name":"projects/carbon-forest-b3740/locations/us-central1/functions/getShopData","httpsTrigger":{},"status":"ACTIVE","entryPoint":"getShopData","timeout":"60s","availableMemoryMb":256,"serviceAccountEmail":"carbon-forest-b3740@appspot.gserviceaccount.com","updateTime":"2021-06-22T22:34:17.482Z","versionId":"49","labels":{"deployment-tool":"cli-firebase"},"sourceUploadUrl":"https://storage.googleapis.com/gcf-upload-us-central1-be4403c1-afae-4b72-bbab-7f8e7e25564a/a9d9f7c3-2743-4222-9e64-da490976c0e9.zip?GoogleAccessId=service-186306113236@gcf-admin-robot.iam.gserviceaccount.com&Expires=1624403216&Signature=toGS%2BuXI6q78qRvN0DUBKBv5kB9o9vuuO65itInK7Gzcv5vSOE1ecl4DWfXTme7cDvZbSDQGFqk2YLjVbXDLaF7qTsWlYPK5nsrWyRbWEJqGIW4U9uVrjy%2BNM%2BHPcdxSANGGAOyikPf7LliUntYUjJd7dzs1zoXNbt5XmAP6CUpMxl1jnV6KK3ayxLF1%2BiD6ZvPiugc%2FpxXlWGJsKyy6YuKijng2uV6LDpXnO1BO4J7Kkc48%2FHa%2FY2KOO4yGYngE8AHTESY57lyvfbkUK%2Boe5Y5Itxy0fKM7B2XKZxbI2BPotPdAxPPF8RqQIDBTjAws0oidrBV7x9KyXj7DKZTQEA%3D%3D","environmentVariables":{"FIREBASE_CONFIG":"{\"projectId\":\"carbon-forest-b3740\",\"storageBucket\":\"carbon-forest-b3740.appspot.com\",\"locationId\":\"us-central\"}"},"runtime":"nodejs12","ingressSettings":"ALLOW_ALL","buildId":"618a6a9d-0a2c-4b13-b7d4-27d6c45dd028"},"versionId":"50","updateTime":"2021-06-22T22:36:57Z","buildId":"ef103dc3-4850-418c-8ccf-a5483780642c","buildName":"projects/186306113236/locations/us-central1/builds/ef103dc3-4850-418c-8ccf-a5483780642c"}}
[debug] [2021-06-22T22:36:58.679Z] [update-projects/carbon-forest-b3740/locations/us-central1/functions/getShopData] Retrying task index 0
[debug] [2021-06-22T22:36:58.680Z] >>> [apiv2][query] GET https://cloudfunctions.googleapis.com/v1/operations/Y2FyYm9uLWZvcmVzdC1iMzc0MC91cy1jZW50cmFsMS9nZXRTaG9wRGF0YS9lM2VLeWVaUlBySQ [none]
[debug] [2021-06-22T22:36:59.073Z] <<< [apiv2][status] GET https://cloudfunctions.googleapis.com/v1/operations/Y2FyYm9uLWZvcmVzdC1iMzc0MC91cy1jZW50cmFsMS9nZXRTaG9wRGF0YS9lM2VLeWVaUlBySQ 200
[debug] [2021-06-22T22:36:59.073Z] <<< [apiv2][body] GET https://cloudfunctions.googleapis.com/v1/operations/Y2FyYm9uLWZvcmVzdC1iMzc0MC91cy1jZW50cmFsMS9nZXRTaG9wRGF0YS9lM2VLeWVaUlBySQ {"name":"operations/Y2FyYm9uLWZvcmVzdC1iMzc0MC91cy1jZW50cmFsMS9nZXRTaG9wRGF0YS9lM2VLeWVaUlBySQ","metadata":{"@type":"type.googleapis.com/google.cloud.functions.v1.OperationMetadataV1","target":"projects/carbon-forest-b3740/locations/us-central1/functions/getShopData","type":"UPDATE_FUNCTION","request":{"@type":"type.googleapis.com/google.cloud.functions.v1.CloudFunction","name":"projects/carbon-forest-b3740/locations/us-central1/functions/getShopData","httpsTrigger":{},"status":"ACTIVE","entryPoint":"getShopData","timeout":"60s","availableMemoryMb":256,"serviceAccountEmail":"carbon-forest-b3740@appspot.gserviceaccount.com","updateTime":"2021-06-22T22:34:17.482Z","versionId":"49","labels":{"deployment-tool":"cli-firebase"},"sourceUploadUrl":"https://storage.googleapis.com/gcf-upload-us-central1-be4403c1-afae-4b72-bbab-7f8e7e25564a/a9d9f7c3-2743-4222-9e64-da490976c0e9.zip?GoogleAccessId=service-186306113236@gcf-admin-robot.iam.gserviceaccount.com&Expires=1624403216&Signature=toGS%2BuXI6q78qRvN0DUBKBv5kB9o9vuuO65itInK7Gzcv5vSOE1ecl4DWfXTme7cDvZbSDQGFqk2YLjVbXDLaF7qTsWlYPK5nsrWyRbWEJqGIW4U9uVrjy%2BNM%2BHPcdxSANGGAOyikPf7LliUntYUjJd7dzs1zoXNbt5XmAP6CUpMxl1jnV6KK3ayxLF1%2BiD6ZvPiugc%2FpxXlWGJsKyy6YuKijng2uV6LDpXnO1BO4J7Kkc48%2FHa%2FY2KOO4yGYngE8AHTESY57lyvfbkUK%2Boe5Y5Itxy0fKM7B2XKZxbI2BPotPdAxPPF8RqQIDBTjAws0oidrBV7x9KyXj7DKZTQEA%3D%3D","environmentVariables":{"FIREBASE_CONFIG":"{\"projectId\":\"carbon-forest-b3740\",\"storageBucket\":\"carbon-forest-b3740.appspot.com\",\"locationId\":\"us-central\"}"},"runtime":"nodejs12","ingressSettings":"ALLOW_ALL","buildId":"618a6a9d-0a2c-4b13-b7d4-27d6c45dd028"},"versionId":"50","updateTime":"2021-06-22T22:36:57Z","buildId":"ef103dc3-4850-418c-8ccf-a5483780642c","buildName":"projects/186306113236/locations/us-central1/builds/ef103dc3-4850-418c-8ccf-a5483780642c"}}
[debug] [2021-06-22T22:37:00.074Z] [update-projects/carbon-forest-b3740/locations/us-central1/functions/getShopData] Retrying task index 0
[debug] [2021-06-22T22:37:00.074Z] >>> [apiv2][query] GET https://cloudfunctions.googleapis.com/v1/operations/Y2FyYm9uLWZvcmVzdC1iMzc0MC91cy1jZW50cmFsMS9nZXRTaG9wRGF0YS9lM2VLeWVaUlBySQ [none]
[debug] [2021-06-22T22:37:00.470Z] <<< [apiv2][status] GET https://cloudfunctions.googleapis.com/v1/operations/Y2FyYm9uLWZvcmVzdC1iMzc0MC91cy1jZW50cmFsMS9nZXRTaG9wRGF0YS9lM2VLeWVaUlBySQ 200
[debug] [2021-06-22T22:37:00.470Z] <<< [apiv2][body] GET https://cloudfunctions.googleapis.com/v1/operations/Y2FyYm9uLWZvcmVzdC1iMzc0MC91cy1jZW50cmFsMS9nZXRTaG9wRGF0YS9lM2VLeWVaUlBySQ {"name":"operations/Y2FyYm9uLWZvcmVzdC1iMzc0MC91cy1jZW50cmFsMS9nZXRTaG9wRGF0YS9lM2VLeWVaUlBySQ","metadata":{"@type":"type.googleapis.com/google.cloud.functions.v1.OperationMetadataV1","target":"projects/carbon-forest-b3740/locations/us-central1/functions/getShopData","type":"UPDATE_FUNCTION","request":{"@type":"type.googleapis.com/google.cloud.functions.v1.CloudFunction","name":"projects/carbon-forest-b3740/locations/us-central1/functions/getShopData","httpsTrigger":{},"status":"ACTIVE","entryPoint":"getShopData","timeout":"60s","availableMemoryMb":256,"serviceAccountEmail":"carbon-forest-b3740@appspot.gserviceaccount.com","updateTime":"2021-06-22T22:34:17.482Z","versionId":"49","labels":{"deployment-tool":"cli-firebase"},"sourceUploadUrl":"https://storage.googleapis.com/gcf-upload-us-central1-be4403c1-afae-4b72-bbab-7f8e7e25564a/a9d9f7c3-2743-4222-9e64-da490976c0e9.zip?GoogleAccessId=service-186306113236@gcf-admin-robot.iam.gserviceaccount.com&Expires=1624403216&Signature=toGS%2BuXI6q78qRvN0DUBKBv5kB9o9vuuO65itInK7Gzcv5vSOE1ecl4DWfXTme7cDvZbSDQGFqk2YLjVbXDLaF7qTsWlYPK5nsrWyRbWEJqGIW4U9uVrjy%2BNM%2BHPcdxSANGGAOyikPf7LliUntYUjJd7dzs1zoXNbt5XmAP6CUpMxl1jnV6KK3ayxLF1%2BiD6ZvPiugc%2FpxXlWGJsKyy6YuKijng2uV6LDpXnO1BO4J7Kkc48%2FHa%2FY2KOO4yGYngE8AHTESY57lyvfbkUK%2Boe5Y5Itxy0fKM7B2XKZxbI2BPotPdAxPPF8RqQIDBTjAws0oidrBV7x9KyXj7DKZTQEA%3D%3D","environmentVariables":{"FIREBASE_CONFIG":"{\"projectId\":\"carbon-forest-b3740\",\"storageBucket\":\"carbon-forest-b3740.appspot.com\",\"locationId\":\"us-central\"}"},"runtime":"nodejs12","ingressSettings":"ALLOW_ALL","buildId":"618a6a9d-0a2c-4b13-b7d4-27d6c45dd028"},"versionId":"50","updateTime":"2021-06-22T22:36:57Z","buildId":"ef103dc3-4850-418c-8ccf-a5483780642c","buildName":"projects/186306113236/locations/us-central1/builds/ef103dc3-4850-418c-8ccf-a5483780642c"}}
[debug] [2021-06-22T22:37:02.472Z] [update-projects/carbon-forest-b3740/locations/us-central1/functions/getShopData] Retrying task index 0
[debug] [2021-06-22T22:37:02.473Z] >>> [apiv2][query] GET https://cloudfunctions.googleapis.com/v1/operations/Y2FyYm9uLWZvcmVzdC1iMzc0MC91cy1jZW50cmFsMS9nZXRTaG9wRGF0YS9lM2VLeWVaUlBySQ [none]
[debug] [2021-06-22T22:37:02.828Z] <<< [apiv2][status] GET https://cloudfunctions.googleapis.com/v1/operations/Y2FyYm9uLWZvcmVzdC1iMzc0MC91cy1jZW50cmFsMS9nZXRTaG9wRGF0YS9lM2VLeWVaUlBySQ 200
[debug] [2021-06-22T22:37:02.828Z] <<< [apiv2][body] GET https://cloudfunctions.googleapis.com/v1/operations/Y2FyYm9uLWZvcmVzdC1iMzc0MC91cy1jZW50cmFsMS9nZXRTaG9wRGF0YS9lM2VLeWVaUlBySQ {"name":"operations/Y2FyYm9uLWZvcmVzdC1iMzc0MC91cy1jZW50cmFsMS9nZXRTaG9wRGF0YS9lM2VLeWVaUlBySQ","metadata":{"@type":"type.googleapis.com/google.cloud.functions.v1.OperationMetadataV1","target":"projects/carbon-forest-b3740/locations/us-central1/functions/getShopData","type":"UPDATE_FUNCTION","request":{"@type":"type.googleapis.com/google.cloud.functions.v1.CloudFunction","name":"projects/carbon-forest-b3740/locations/us-central1/functions/getShopData","httpsTrigger":{},"status":"ACTIVE","entryPoint":"getShopData","timeout":"60s","availableMemoryMb":256,"serviceAccountEmail":"carbon-forest-b3740@appspot.gserviceaccount.com","updateTime":"2021-06-22T22:34:17.482Z","versionId":"49","labels":{"deployment-tool":"cli-firebase"},"sourceUploadUrl":"https://storage.googleapis.com/gcf-upload-us-central1-be4403c1-afae-4b72-bbab-7f8e7e25564a/a9d9f7c3-2743-4222-9e64-da490976c0e9.zip?GoogleAccessId=service-186306113236@gcf-admin-robot.iam.gserviceaccount.com&Expires=1624403216&Signature=toGS%2BuXI6q78qRvN0DUBKBv5kB9o9vuuO65itInK7Gzcv5vSOE1ecl4DWfXTme7cDvZbSDQGFqk2YLjVbXDLaF7qTsWlYPK5nsrWyRbWEJqGIW4U9uVrjy%2BNM%2BHPcdxSANGGAOyikPf7LliUntYUjJd7dzs1zoXNbt5XmAP6CUpMxl1jnV6KK3ayxLF1%2BiD6ZvPiugc%2FpxXlWGJsKyy6YuKijng2uV6LDpXnO1BO4J7Kkc48%2FHa%2FY2KOO4yGYngE8AHTESY57lyvfbkUK%2Boe5Y5Itxy0fKM7B2XKZxbI2BPotPdAxPPF8RqQIDBTjAws0oidrBV7x9KyXj7DKZTQEA%3D%3D","environmentVariables":{"FIREBASE_CONFIG":"{\"projectId\":\"carbon-forest-b3740\",\"storageBucket\":\"carbon-forest-b3740.appspot.com\",\"locationId\":\"us-central\"}"},"runtime":"nodejs12","ingressSettings":"ALLOW_ALL","buildId":"618a6a9d-0a2c-4b13-b7d4-27d6c45dd028"},"versionId":"50","updateTime":"2021-06-22T22:36:57Z","buildId":"ef103dc3-4850-418c-8ccf-a5483780642c","buildName":"projects/186306113236/locations/us-central1/builds/ef103dc3-4850-418c-8ccf-a5483780642c"}}
[debug] [2021-06-22T22:37:06.831Z] [update-projects/carbon-forest-b3740/locations/us-central1/functions/getShopData] Retrying task index 0
[debug] [2021-06-22T22:37:06.831Z] >>> [apiv2][query] GET https://cloudfunctions.googleapis.com/v1/operations/Y2FyYm9uLWZvcmVzdC1iMzc0MC91cy1jZW50cmFsMS9nZXRTaG9wRGF0YS9lM2VLeWVaUlBySQ [none]
[debug] [2021-06-22T22:37:07.229Z] <<< [apiv2][status] GET https://cloudfunctions.googleapis.com/v1/operations/Y2FyYm9uLWZvcmVzdC1iMzc0MC91cy1jZW50cmFsMS9nZXRTaG9wRGF0YS9lM2VLeWVaUlBySQ 200
[debug] [2021-06-22T22:37:07.230Z] <<< [apiv2][body] GET https://cloudfunctions.googleapis.com/v1/operations/Y2FyYm9uLWZvcmVzdC1iMzc0MC91cy1jZW50cmFsMS9nZXRTaG9wRGF0YS9lM2VLeWVaUlBySQ {"name":"operations/Y2FyYm9uLWZvcmVzdC1iMzc0MC91cy1jZW50cmFsMS9nZXRTaG9wRGF0YS9lM2VLeWVaUlBySQ","metadata":{"@type":"type.googleapis.com/google.cloud.functions.v1.OperationMetadataV1","target":"projects/carbon-forest-b3740/locations/us-central1/functions/getShopData","type":"UPDATE_FUNCTION","request":{"@type":"type.googleapis.com/google.cloud.functions.v1.CloudFunction","name":"projects/carbon-forest-b3740/locations/us-central1/functions/getShopData","httpsTrigger":{},"status":"ACTIVE","entryPoint":"getShopData","timeout":"60s","availableMemoryMb":256,"serviceAccountEmail":"carbon-forest-b3740@appspot.gserviceaccount.com","updateTime":"2021-06-22T22:34:17.482Z","versionId":"49","labels":{"deployment-tool":"cli-firebase"},"sourceUploadUrl":"https://storage.googleapis.com/gcf-upload-us-central1-be4403c1-afae-4b72-bbab-7f8e7e25564a/a9d9f7c3-2743-4222-9e64-da490976c0e9.zip?GoogleAccessId=service-186306113236@gcf-admin-robot.iam.gserviceaccount.com&Expires=1624403216&Signature=toGS%2BuXI6q78qRvN0DUBKBv5kB9o9vuuO65itInK7Gzcv5vSOE1ecl4DWfXTme7cDvZbSDQGFqk2YLjVbXDLaF7qTsWlYPK5nsrWyRbWEJqGIW4U9uVrjy%2BNM%2BHPcdxSANGGAOyikPf7LliUntYUjJd7dzs1zoXNbt5XmAP6CUpMxl1jnV6KK3ayxLF1%2BiD6ZvPiugc%2FpxXlWGJsKyy6YuKijng2uV6LDpXnO1BO4J7Kkc48%2FHa%2FY2KOO4yGYngE8AHTESY57lyvfbkUK%2Boe5Y5Itxy0fKM7B2XKZxbI2BPotPdAxPPF8RqQIDBTjAws0oidrBV7x9KyXj7DKZTQEA%3D%3D","environmentVariables":{"FIREBASE_CONFIG":"{\"projectId\":\"carbon-forest-b3740\",\"storageBucket\":\"carbon-forest-b3740.appspot.com\",\"locationId\":\"us-central\"}"},"runtime":"nodejs12","ingressSettings":"ALLOW_ALL","buildId":"618a6a9d-0a2c-4b13-b7d4-27d6c45dd028"},"versionId":"50","updateTime":"2021-06-22T22:36:57Z","buildId":"ef103dc3-4850-418c-8ccf-a5483780642c","buildName":"projects/186306113236/locations/us-central1/builds/ef103dc3-4850-418c-8ccf-a5483780642c"}}
[debug] [2021-06-22T22:37:15.234Z] [update-projects/carbon-forest-b3740/locations/us-central1/functions/getShopData] Retrying task index 0
[debug] [2021-06-22T22:37:15.234Z] >>> [apiv2][query] GET https://cloudfunctions.googleapis.com/v1/operations/Y2FyYm9uLWZvcmVzdC1iMzc0MC91cy1jZW50cmFsMS9nZXRTaG9wRGF0YS9lM2VLeWVaUlBySQ [none]
[debug] [2021-06-22T22:37:15.583Z] <<< [apiv2][status] GET https://cloudfunctions.googleapis.com/v1/operations/Y2FyYm9uLWZvcmVzdC1iMzc0MC91cy1jZW50cmFsMS9nZXRTaG9wRGF0YS9lM2VLeWVaUlBySQ 200
[debug] [2021-06-22T22:37:15.583Z] <<< [apiv2][body] GET https://cloudfunctions.googleapis.com/v1/operations/Y2FyYm9uLWZvcmVzdC1iMzc0MC91cy1jZW50cmFsMS9nZXRTaG9wRGF0YS9lM2VLeWVaUlBySQ {"name":"operations/Y2FyYm9uLWZvcmVzdC1iMzc0MC91cy1jZW50cmFsMS9nZXRTaG9wRGF0YS9lM2VLeWVaUlBySQ","metadata":{"@type":"type.googleapis.com/google.cloud.functions.v1.OperationMetadataV1","target":"projects/carbon-forest-b3740/locations/us-central1/functions/getShopData","type":"UPDATE_FUNCTION","request":{"@type":"type.googleapis.com/google.cloud.functions.v1.CloudFunction","name":"projects/carbon-forest-b3740/locations/us-central1/functions/getShopData","httpsTrigger":{},"status":"ACTIVE","entryPoint":"getShopData","timeout":"60s","availableMemoryMb":256,"serviceAccountEmail":"carbon-forest-b3740@appspot.gserviceaccount.com","updateTime":"2021-06-22T22:34:17.482Z","versionId":"49","labels":{"deployment-tool":"cli-firebase"},"sourceUploadUrl":"https://storage.googleapis.com/gcf-upload-us-central1-be4403c1-afae-4b72-bbab-7f8e7e25564a/a9d9f7c3-2743-4222-9e64-da490976c0e9.zip?GoogleAccessId=service-186306113236@gcf-admin-robot.iam.gserviceaccount.com&Expires=1624403216&Signature=toGS%2BuXI6q78qRvN0DUBKBv5kB9o9vuuO65itInK7Gzcv5vSOE1ecl4DWfXTme7cDvZbSDQGFqk2YLjVbXDLaF7qTsWlYPK5nsrWyRbWEJqGIW4U9uVrjy%2BNM%2BHPcdxSANGGAOyikPf7LliUntYUjJd7dzs1zoXNbt5XmAP6CUpMxl1jnV6KK3ayxLF1%2BiD6ZvPiugc%2FpxXlWGJsKyy6YuKijng2uV6LDpXnO1BO4J7Kkc48%2FHa%2FY2KOO4yGYngE8AHTESY57lyvfbkUK%2Boe5Y5Itxy0fKM7B2XKZxbI2BPotPdAxPPF8RqQIDBTjAws0oidrBV7x9KyXj7DKZTQEA%3D%3D","environmentVariables":{"FIREBASE_CONFIG":"{\"projectId\":\"carbon-forest-b3740\",\"storageBucket\":\"carbon-forest-b3740.appspot.com\",\"locationId\":\"us-central\"}"},"runtime":"nodejs12","ingressSettings":"ALLOW_ALL","buildId":"618a6a9d-0a2c-4b13-b7d4-27d6c45dd028"},"versionId":"50","updateTime":"2021-06-22T22:36:57Z","buildId":"ef103dc3-4850-418c-8ccf-a5483780642c","buildName":"projects/186306113236/locations/us-central1/builds/ef103dc3-4850-418c-8ccf-a5483780642c"}}
[debug] [2021-06-22T22:37:31.576Z] [update-projects/carbon-forest-b3740/locations/us-central1/functions/getShopData] Retrying task index 0
[debug] [2021-06-22T22:37:31.577Z] >>> [apiv2][query] GET https://cloudfunctions.googleapis.com/v1/operations/Y2FyYm9uLWZvcmVzdC1iMzc0MC91cy1jZW50cmFsMS9nZXRTaG9wRGF0YS9lM2VLeWVaUlBySQ [none]
[debug] [2021-06-22T22:37:31.924Z] <<< [apiv2][status] GET https://cloudfunctions.googleapis.com/v1/operations/Y2FyYm9uLWZvcmVzdC1iMzc0MC91cy1jZW50cmFsMS9nZXRTaG9wRGF0YS9lM2VLeWVaUlBySQ 200
[debug] [2021-06-22T22:37:31.925Z] <<< [apiv2][body] GET https://cloudfunctions.googleapis.com/v1/operations/Y2FyYm9uLWZvcmVzdC1iMzc0MC91cy1jZW50cmFsMS9nZXRTaG9wRGF0YS9lM2VLeWVaUlBySQ {"name":"operations/Y2FyYm9uLWZvcmVzdC1iMzc0MC91cy1jZW50cmFsMS9nZXRTaG9wRGF0YS9lM2VLeWVaUlBySQ","metadata":{"@type":"type.googleapis.com/google.cloud.functions.v1.OperationMetadataV1","target":"projects/carbon-forest-b3740/locations/us-central1/functions/getShopData","type":"UPDATE_FUNCTION","request":{"@type":"type.googleapis.com/google.cloud.functions.v1.CloudFunction","name":"projects/carbon-forest-b3740/locations/us-central1/functions/getShopData","httpsTrigger":{},"status":"ACTIVE","entryPoint":"getShopData","timeout":"60s","availableMemoryMb":256,"serviceAccountEmail":"carbon-forest-b3740@appspot.gserviceaccount.com","updateTime":"2021-06-22T22:34:17.482Z","versionId":"49","labels":{"deployment-tool":"cli-firebase"},"sourceUploadUrl":"https://storage.googleapis.com/gcf-upload-us-central1-be4403c1-afae-4b72-bbab-7f8e7e25564a/a9d9f7c3-2743-4222-9e64-da490976c0e9.zip?GoogleAccessId=service-186306113236@gcf-admin-robot.iam.gserviceaccount.com&Expires=1624403216&Signature=toGS%2BuXI6q78qRvN0DUBKBv5kB9o9vuuO65itInK7Gzcv5vSOE1ecl4DWfXTme7cDvZbSDQGFqk2YLjVbXDLaF7qTsWlYPK5nsrWyRbWEJqGIW4U9uVrjy%2BNM%2BHPcdxSANGGAOyikPf7LliUntYUjJd7dzs1zoXNbt5XmAP6CUpMxl1jnV6KK3ayxLF1%2BiD6ZvPiugc%2FpxXlWGJsKyy6YuKijng2uV6LDpXnO1BO4J7Kkc48%2FHa%2FY2KOO4yGYngE8AHTESY57lyvfbkUK%2Boe5Y5Itxy0fKM7B2XKZxbI2BPotPdAxPPF8RqQIDBTjAws0oidrBV7x9KyXj7DKZTQEA%3D%3D","environmentVariables":{"FIREBASE_CONFIG":"{\"projectId\":\"carbon-forest-b3740\",\"storageBucket\":\"carbon-forest-b3740.appspot.com\",\"locationId\":\"us-central\"}"},"runtime":"nodejs12","ingressSettings":"ALLOW_ALL","buildId":"618a6a9d-0a2c-4b13-b7d4-27d6c45dd028"},"versionId":"50","updateTime":"2021-06-22T22:36:57Z","buildId":"ef103dc3-4850-418c-8ccf-a5483780642c","buildName":"projects/186306113236/locations/us-central1/builds/ef103dc3-4850-418c-8ccf-a5483780642c"}}
